Mar 03, 2024 8:00:59 PM org.apache.karaf.main.Main launch
INFO: Installing and starting initial bundles
Mar 03, 2024 8:01:01 PM org.apache.karaf.main.Main launch
INFO: All initial bundles installed and set to start
Mar 03, 2024 8:01:01 PM org.apache.karaf.main.Main$KarafLockCallback lockAcquired
INFO: Lock acquired. Setting startlevel to 100
Mar 03, 2024 8:14:04 PM org.apache.karaf.main.Main launch
INFO: Installing and starting initial bundles
Mar 03, 2024 8:14:06 PM org.apache.karaf.main.Main launch
INFO: All initial bundles installed and set to start
Mar 03, 2024 8:14:06 PM org.apache.karaf.main.Main$KarafLockCallback lockAcquired
INFO: Lock acquired. Setting startlevel to 100
Mar 03, 2024 8:35:24 PM org.apache.karaf.main.Main launch
INFO: Installing and starting initial bundles
Mar 03, 2024 8:35:26 PM org.apache.karaf.main.Main launch
INFO: All initial bundles installed and set to start
Mar 03, 2024 8:35:26 PM org.apache.karaf.main.Main$KarafLockCallback lockAcquired
INFO: Lock acquired. Setting startlevel to 100
Mar 03, 2024 9:02:07 PM org.apache.karaf.main.Main launch
INFO: Installing and starting initial bundles
Mar 03, 2024 9:02:08 PM org.apache.karaf.main.Main launch
INFO: All initial bundles installed and set to start
Mar 03, 2024 9:02:09 PM org.apache.karaf.main.Main$KarafLockCallback lockAcquired
INFO: Lock acquired. Setting startlevel to 100
Mar 03, 2024 9:28:57 PM org.apache.karaf.main.Main launch
INFO: Installing and starting initial bundles
Mar 03, 2024 9:28:58 PM org.apache.karaf.main.Main launch
INFO: All initial bundles installed and set to start
Mar 03, 2024 9:28:59 PM org.apache.karaf.main.Main$KarafLockCallback lockAcquired
INFO: Lock acquired. Setting startlevel to 100
Mar 03, 2024 10:00:27 PM org.apache.karaf.main.Main launch
INFO: Installing and starting initial bundles
Mar 03, 2024 10:00:28 PM org.apache.karaf.main.Main launch
INFO: All initial bundles installed and set to start
Mar 03, 2024 10:00:28 PM org.apache.karaf.main.Main$KarafLockCallback lockAcquired
INFO: Lock acquired. Setting startlevel to 100
Mar 03, 2024 11:25:59 PM org.apache.karaf.main.Main launch
INFO: Installing and starting initial bundles
Mar 03, 2024 11:26:00 PM org.apache.karaf.main.Main launch
INFO: All initial bundles installed and set to start
Mar 03, 2024 11:26:01 PM org.apache.karaf.main.Main$KarafLockCallback lockAcquired
INFO: Lock acquired. Setting startlevel to 100
